<?xml version="1.0" encoding="UTF-8"?>
<!-- Generated by org.testng.reporters.JUnitReportReporter -->
<testsuite hostname="ajay-singh-lodhi" failures="1" tests="34" name="Widget.parallelgroup" time="868.659" errors="0" timestamp="2022-12-02T19:16:39 IST" skipped="0">
  <testcase classname="Widget.parallelgroup" name="test03" time="16.089"/>
  <system-out/>
  <testcase classname="Widget.parallelgroup" name="test26" time="28.879"/>
  <system-out/>
  <testcase classname="Widget.parallelgroup" name="test15" time="21.565"/>
  <system-out/>
  <testcase classname="Widget.parallelgroup" name="test01" time="19.730"/>
  <system-out/>
  <testcase classname="Widget.parallelgroup" name="test32" time="32.915"/>
  <system-out/>
  <testcase classname="Widget.parallelgroup" name="test20" time="27.751"/>
  <system-out/>
  <testcase classname="Widget.parallelgroup" name="test22" time="32.088"/>
  <system-out/>
  <testcase classname="Widget.parallelgroup" name="test10" time="16.955"/>
  <system-out/>
  <testcase classname="Widget.parallelgroup" name="test04" time="20.246"/>
  <system-out/>
  <testcase classname="Widget.parallelgroup" name="test12" time="17.033"/>
  <system-out/>
  <testcase classname="Widget.parallelgroup" name="test06" time="19.650"/>
  <system-out/>
  <testcase classname="Widget.parallelgroup" name="test19" time="29.293"/>
  <system-out/>
  <testcase classname="Widget.parallelgroup" name="test14" time="23.199"/>
  <system-out/>
  <testcase classname="Widget.parallelgroup" name="test28" time="37.230"/>
  <system-out/>
  <testcase classname="Widget.parallelgroup" name="test16" time="26.111"/>
  <system-out/>
  <testcase classname="Widget.parallelgroup" name="test11" time="19.581"/>
  <system-out/>
  <testcase classname="Widget.parallelgroup" name="test17" time="25.070"/>
  <system-out/>
  <testcase classname="Widget.parallelgroup" name="test30" time="36.942"/>
  <system-out/>
  <testcase classname="Widget.parallelgroup" name="test27" time="34.508"/>
  <system-out/>
  <testcase classname="Widget.parallelgroup" name="test05" time="17.233"/>
  <system-out/>
  <testcase classname="Widget.parallelgroup" name="test02" time="16.049"/>
  <system-out/>
  <testcase classname="Widget.parallelgroup" name="test21" time="30.301"/>
  <system-out/>
  <testcase classname="Widget.parallelgroup" name="test25" time="30.657"/>
  <system-out/>
  <testcase classname="Widget.parallelgroup" name="test07" time="17.163">
    <failure message="expected [test] but found [t]" type="java.lang.AssertionError">
      <![CDATA[java.lang.AssertionError: expected [test] but found [t]
at org.testng.Assert.fail(Assert.java:99)
at org.testng.Assert.failNotEquals(Assert.java:1037)
at org.testng.Assert.assertEqualsImpl(Assert.java:140)
at org.testng.Assert.assertEquals(Assert.java:122)
at org.testng.Assert.assertEquals(Assert.java:629)
at org.testng.Assert.assertEquals(Assert.java:639)
at Widget.parallelgroup.test07(parallelgroup.java:553)
at java.base/jdk.internal.reflect.NativeMethodAccessorImpl.invoke0(Native Method)
at java.base/jdk.internal.reflect.NativeMethodAccessorImpl.invoke(NativeMethodAccessorImpl.java:78)
at java.base/jdk.internal.reflect.DelegatingMethodAccessorImpl.invoke(DelegatingMethodAccessorImpl.java:43)
at java.base/java.lang.reflect.Method.invoke(Method.java:567)
at org.testng.internal.MethodInvocationHelper.invokeMethod(MethodInvocationHelper.java:133)
at org.testng.internal.TestInvoker.invokeMethod(TestInvoker.java:598)
at org.testng.internal.TestInvoker.invokeTestMethod(TestInvoker.java:173)
at org.testng.internal.MethodRunner.runInSequence(MethodRunner.java:46)
at org.testng.internal.TestInvoker$MethodInvocationAgent.invoke(TestInvoker.java:824)
at org.testng.internal.TestInvoker.invokeTestMethods(TestInvoker.java:146)
at org.testng.internal.TestMethodWorker.invokeTestMethods(TestMethodWorker.java:146)
at org.testng.internal.TestMethodWorker.run(TestMethodWorker.java:128)
at java.base/java.util.ArrayList.forEach(ArrayList.java:1511)
at org.testng.TestRunner.privateRun(TestRunner.java:794)
at org.testng.TestRunner.run(TestRunner.java:596)
at org.testng.SuiteRunner.runTest(SuiteRunner.java:377)
at org.testng.SuiteRunner.runSequentially(SuiteRunner.java:371)
at org.testng.SuiteRunner.privateRun(SuiteRunner.java:332)
at org.testng.SuiteRunner.run(SuiteRunner.java:276)
at org.testng.SuiteRunnerWorker.runSuite(SuiteRunnerWorker.java:53)
at org.testng.SuiteRunnerWorker.run(SuiteRunnerWorker.java:96)
at org.testng.TestNG.runSuitesSequentially(TestNG.java:1212)
at org.testng.TestNG.runSuitesLocally(TestNG.java:1134)
at org.testng.TestNG.runSuites(TestNG.java:1063)
at org.testng.TestNG.run(TestNG.java:1031)
at org.testng.remote.AbstractRemoteTestNG.run(AbstractRemoteTestNG.java:115)
at org.testng.remote.RemoteTestNG.initAndRun(RemoteTestNG.java:251)
at org.testng.remote.RemoteTestNG.main(RemoteTestNG.java:77)
]]>
    </failure>
  </testcase> <!-- test07 -->
  <system-out/>
  <testcase classname="Widget.parallelgroup" name="test08" time="18.140"/>
  <system-out/>
  <testcase classname="Widget.parallelgroup" name="test18" time="25.228"/>
  <system-out/>
  <testcase classname="Widget.parallelgroup" name="test29" time="34.204"/>
  <system-out/>
  <testcase classname="Widget.parallelgroup" name="test09" time="18.506"/>
  <system-out/>
  <testcase classname="Widget.parallelgroup" name="test13" time="19.406"/>
  <system-out/>
  <testcase classname="Widget.parallelgroup" name="test24" time="30.023"/>
  <system-out/>
  <testcase classname="Widget.parallelgroup" name="test23" time="28.559"/>
  <system-out/>
  <testcase classname="Widget.parallelgroup" name="test33" time="45.247"/>
  <system-out/>
  <testcase classname="Widget.parallelgroup" name="test00" time="18.121"/>
  <system-out/>
  <testcase classname="Widget.parallelgroup" name="test31" time="34.987"/>
  <system-out/>
</testsuite> <!-- Widget.parallelgroup -->
