<?xml version="1.0" encoding="UTF-8"?>
<!-- Generated by org.testng.reporters.JUnitReportReporter -->
<testsuite hostname="ajay-singh-lodhi" failures="0" tests="1" name="testng.NewTest" time="108.217" errors="0" timestamp="2023-12-07T15:05:04 IST" skipped="0">
  <testcase classname="testng.NewTest" name="test2" time="108.217"/>
  <system-out/>
</testsuite> <!-- testng.NewTest -->
