<?xml version="1.0" encoding="UTF-8"?>
<!-- Generated by org.testng.reporters.JUnitReportReporter -->
<testsuite hostname="ajay-singh-lodhi" failures="0" tests="56" name="Widget.Dashboardwidget" time="992.970" errors="0" timestamp="2022-12-05T10:54:38 IST" skipped="0">
  <testcase classname="Widget.Dashboardwidget" name="test24" time="19.889"/>
  <system-out/>
  <testcase classname="Widget.Dashboardwidget" name="test44" time="17.774"/>
  <system-out/>
  <testcase classname="Widget.Dashboardwidget" name="test12" time="16.039"/>
  <system-out/>
  <testcase classname="Widget.Dashboardwidget" name="test14" time="16.318"/>
  <system-out/>
  <testcase classname="Widget.Dashboardwidget" name="test37" time="20.905"/>
  <system-out/>
  <testcase classname="Widget.Dashboardwidget" name="test52" time="17.264"/>
  <system-out/>
  <testcase classname="Widget.Dashboardwidget" name="test38" time="20.275"/>
  <system-out/>
  <testcase classname="Widget.Dashboardwidget" name="test36" time="19.995"/>
  <system-out/>
  <testcase classname="Widget.Dashboardwidget" name="test47" time="17.446"/>
  <system-out/>
  <testcase classname="Widget.Dashboardwidget" name="test09" time="15.042"/>
  <system-out/>
  <testcase classname="Widget.Dashboardwidget" name="test48" time="17.396"/>
  <system-out/>
  <testcase classname="Widget.Dashboardwidget" name="test50" time="17.566"/>
  <system-out/>
  <testcase classname="Widget.Dashboardwidget" name="test45" time="17.611"/>
  <system-out/>
  <testcase classname="Widget.Dashboardwidget" name="test06" time="15.098"/>
  <system-out/>
  <testcase classname="Widget.Dashboardwidget" name="test11" time="15.025"/>
  <system-out/>
  <testcase classname="Widget.Dashboardwidget" name="test32" time="21.012"/>
  <system-out/>
  <testcase classname="Widget.Dashboardwidget" name="test27" time="20.122"/>
  <system-out/>
  <testcase classname="Widget.Dashboardwidget" name="test20" time="18.839"/>
  <system-out/>
  <testcase classname="Widget.Dashboardwidget" name="test42" time="18.156"/>
  <system-out/>
  <testcase classname="Widget.Dashboardwidget" name="test04" time="14.507"/>
  <system-out/>
  <testcase classname="Widget.Dashboardwidget" name="test54" time="19.379"/>
  <system-out/>
  <testcase classname="Widget.Dashboardwidget" name="test25" time="19.833"/>
  <system-out/>
  <testcase classname="Widget.Dashboardwidget" name="test01" time="13.109"/>
  <system-out/>
  <testcase classname="Widget.Dashboardwidget" name="test17" time="17.653"/>
  <system-out/>
  <testcase classname="Widget.Dashboardwidget" name="test13" time="16.261"/>
  <system-out/>
  <testcase classname="Widget.Dashboardwidget" name="test10" time="15.163"/>
  <system-out/>
  <testcase classname="Widget.Dashboardwidget" name="test26" time="20.148"/>
  <system-out/>
  <testcase classname="Widget.Dashboardwidget" name="test35" time="19.941"/>
  <system-out/>
  <testcase classname="Widget.Dashboardwidget" name="test29" time="23.368"/>
  <system-out/>
  <testcase classname="Widget.Dashboardwidget" name="test30" time="19.875"/>
  <system-out/>
  <testcase classname="Widget.Dashboardwidget" name="test34" time="20.056"/>
  <system-out/>
  <testcase classname="Widget.Dashboardwidget" name="test46" time="17.579"/>
  <system-out/>
  <testcase classname="Widget.Dashboardwidget" name="test31" time="20.020"/>
  <system-out/>
  <testcase classname="Widget.Dashboardwidget" name="test08" time="15.085"/>
  <system-out/>
  <testcase classname="Widget.Dashboardwidget" name="test02" time="13.227"/>
  <system-out/>
  <testcase classname="Widget.Dashboardwidget" name="test43" time="17.562"/>
  <system-out/>
  <testcase classname="Widget.Dashboardwidget" name="test15" time="16.364"/>
  <system-out/>
  <testcase classname="Widget.Dashboardwidget" name="test18" time="17.408"/>
  <system-out/>
  <testcase classname="Widget.Dashboardwidget" name="test41" time="17.356"/>
  <system-out/>
  <testcase classname="Widget.Dashboardwidget" name="test23" time="19.246"/>
  <system-out/>
  <testcase classname="Widget.Dashboardwidget" name="test51" time="17.370"/>
  <system-out/>
  <testcase classname="Widget.Dashboardwidget" name="test21" time="18.875"/>
  <system-out/>
  <testcase classname="Widget.Dashboardwidget" name="test40" time="17.772"/>
  <system-out/>
  <testcase classname="Widget.Dashboardwidget" name="test05" time="14.426"/>
  <system-out/>
  <testcase classname="Widget.Dashboardwidget" name="test22" time="18.694"/>
  <system-out/>
  <testcase classname="Widget.Dashboardwidget" name="test33" time="20.925"/>
  <system-out/>
  <testcase classname="Widget.Dashboardwidget" name="test16" time="17.383"/>
  <system-out/>
  <testcase classname="Widget.Dashboardwidget" name="test00" time="13.214"/>
  <system-out/>
  <testcase classname="Widget.Dashboardwidget" name="test03" time="14.089"/>
  <system-out/>
  <testcase classname="Widget.Dashboardwidget" name="test07" time="15.002"/>
  <system-out/>
  <testcase classname="Widget.Dashboardwidget" name="test53" time="12.879"/>
  <system-out/>
  <testcase classname="Widget.Dashboardwidget" name="test49" time="17.474"/>
  <system-out/>
  <testcase classname="Widget.Dashboardwidget" name="test55" time="19.285"/>
  <system-out/>
  <testcase classname="Widget.Dashboardwidget" name="test39" time="20.028"/>
  <system-out/>
  <testcase classname="Widget.Dashboardwidget" name="test19" time="17.470"/>
  <system-out/>
  <testcase classname="Widget.Dashboardwidget" name="test28" time="23.172"/>
  <system-out/>
</testsuite> <!-- Widget.Dashboardwidget -->
